Determining if the strtod_l exist failed with the following output:
Change Dir: /home/wzk1998/compiler_lab/miniplc0-c-/cmake-build-debug/CMakeFiles/CMakeTmp

Run Build Command(s):/usr/bin/make cmTC_b5451/fast && /usr/bin/make  -f CMakeFiles/cmTC_b5451.dir/build.make CMakeFiles/cmTC_b5451.dir/build
make[1]: Entering directory '/home/wzk1998/compiler_lab/miniplc0-c-/cmake-build-debug/CMakeFiles/CMakeTmp'
Building C object CMakeFiles/cmTC_b5451.dir/CheckSymbolExists.c.o
/usr/bin/cc    -o CMakeFiles/cmTC_b5451.dir/CheckSymbolExists.c.o   -c /home/wzk1998/compiler_lab/miniplc0-c-/cmake-build-debug/CMakeFiles/CMakeTmp/CheckSymbolExists.c
/home/wzk1998/compiler_lab/miniplc0-c-/cmake-build-debug/CMakeFiles/CMakeTmp/CheckSymbolExists.c: In function ‘main’:
/home/wzk1998/compiler_lab/miniplc0-c-/cmake-build-debug/CMakeFiles/CMakeTmp/CheckSymbolExists.c:8:19: error: ‘strtod_l’ undeclared (first use in this function); did you mean ‘strtoull’?
   return ((int*)(&strtod_l))[argc];
                   ^~~~~~~~
                   strtoull
/home/wzk1998/compiler_lab/miniplc0-c-/cmake-build-debug/CMakeFiles/CMakeTmp/CheckSymbolExists.c:8:19: note: each undeclared identifier is reported only once for each function it appears in
CMakeFiles/cmTC_b5451.dir/build.make:85: recipe for target 'CMakeFiles/cmTC_b5451.dir/CheckSymbolExists.c.o' failed
make[1]: *** [CMakeFiles/cmTC_b5451.dir/CheckSymbolExists.c.o] Error 1
make[1]: Leaving directory '/home/wzk1998/compiler_lab/miniplc0-c-/cmake-build-debug/CMakeFiles/CMakeTmp'
Makefile:141: recipe for target 'cmTC_b5451/fast' failed
make: *** [cmTC_b5451/fast] Error 2


File /home/wzk1998/compiler_lab/miniplc0-c-/cmake-build-debug/CMakeFiles/CMakeTmp/CheckSymbolExists.c:
/* */
#include <stdlib.h>

int main(int argc, char** argv)
{
  (void)argv;
#ifndef strtod_l
  return ((int*)(&strtod_l))[argc];
#else
  (void)argc;
  return 0;
#endif
}
